<testsuites id="" name="" tests="1" failures="1" skipped="0" errors="0" time="7.89868600000441">
<testsuite name="chapter3\01_Annotations_test.spec.ts" timestamp="2025-07-01T11:47:55.021Z" hostname="chromium" tests="1" failures="1" skipped="0" time="3.7" errors="0">
<testcase name="Test3" classname="chapter3\01_Annotations_test.spec.ts" time="3.7">
<failure message="01_Annotations_test.spec.ts:49:6 Test3" type="FAILURE">
<![CDATA[  [chromium] › chapter3\01_Annotations_test.spec.ts:49:6 › Test3 ───────────────────────────────────

    Error: page.goto: Target page, context or browser has been closed
    Call log:
      - navigating to "https://www.youtube.com/", waiting until "load"


      49 | test.only('Test3', async ({ page }) => {
      50 |     //Navigate to the page
    > 51 |     await page.goto("https://www.youtube.com");
         |                ^
      52 |
      53 |     //visibe, editable, enabled, empty
      54 |     await expect(page.getByPlaceholder('Search',{exact:true}).first()).toBeVisible();
        at I:\Playwright_Automation\tests\chapter3\01_Annotations_test.spec.ts:51:16
]]>
</failure>
</testcase>
</testsuite>
</testsuites>